2021-03-10 18:54:29.220  INFO [  restartedMain]           org.app.speed.SpeedApplication [logStarting,55] : Starting SpeedApplication using Java 1.8.0_271 on chaodeMacBook-Pro.local with PID 5831 (/Users/chao/workspace/IdeaProjects/speed/target/classes started by chao in /Users/chao/workspace/IdeaProjects/speed)
2021-03-10 18:54:29.221  INFO [  restartedMain]           org.app.speed.SpeedApplication [logStartupProfileInfo,664] : The following profiles are active: dev
2021-03-10 18:54:29.290  INFO [  restartedMain] .e.DevToolsPropertyDefaultsPostProcessor [     logTo,255] : Devtools property defaults active! Set 'spring.devtools.add-properties' to 'false' to disable
2021-03-10 18:54:29.291  INFO [  restartedMain] .e.DevToolsPropertyDefaultsPostProcessor [     logTo,255] : For additional web related logging consider setting the 'logging.level.web' property to 'DEBUG'
2021-03-10 18:54:30.347  INFO [  restartedMain] .s.d.r.c.RepositoryConfigurationDelegate [multipleStoresDetected,250] : Multiple Spring Data modules found, entering strict repository configuration mode!
2021-03-10 18:54:30.350  INFO [  restartedMain] .s.d.r.c.RepositoryConfigurationDelegate [registerRepositoriesIn,128] : Bootstrapping Spring Data Redis repositories in DEFAULT mode.
2021-03-10 18:54:30.380  INFO [  restartedMain] .s.d.r.c.RepositoryConfigurationDelegate [registerRepositoriesIn,188] : Finished Spring Data repository scanning in 11 ms. Found 0 Redis repository interfaces.
2021-03-10 18:54:31.686  INFO [  restartedMain]  o.s.b.w.embedded.tomcat.TomcatWebServer [initialize,108] : Tomcat initialized with port(s): 8090 (http)
2021-03-10 18:54:31.701  INFO [  restartedMain] o.apache.coyote.http11.Http11NioProtocol [       log,173] : Initializing ProtocolHandler ["http-nio-8090"]
2021-03-10 18:54:31.701  INFO [  restartedMain] org.apache.catalina.core.StandardService [       log,173] : Starting service [Tomcat]
2021-03-10 18:54:31.702  INFO [  restartedMain]  org.apache.catalina.core.StandardEngine [       log,173] : Starting Servlet engine: [Apache Tomcat/9.0.43]
2021-03-10 18:54:31.774  INFO [  restartedMain]       o.a.c.c.C.[Tomcat].[localhost].[/] [       log,173] : Initializing Spring embedded WebApplicationContext
2021-03-10 18:54:31.774  INFO [  restartedMain] w.s.c.ServletWebServerApplicationContext [prepareWebApplicationContext,289] : Root WebApplicationContext: initialization completed in 2482 ms
2021-03-10 18:54:33.407  INFO [  restartedMain] pertySourcedRequestMappingHandlerMapping [initHandlerMethods,69] : Mapped URL path [/v2/api-docs] onto method [springfox.documentation.swagger2.web.Swagger2Controller#getDocumentation(String, HttpServletRequest)]
2021-03-10 18:54:33.597  INFO [  restartedMain]  o.s.s.concurrent.ThreadPoolTaskExecutor [initialize,181] : Initializing ExecutorService 'applicationTaskExecutor'
2021-03-10 18:54:33.644  INFO [  restartedMain]       o.s.b.d.a.OptionalLiveReloadServer [startServer,58] : LiveReload server is running on port 35729
2021-03-10 18:54:34.177  INFO [  restartedMain] o.apache.coyote.http11.Http11NioProtocol [       log,173] : Starting ProtocolHandler ["http-nio-8090"]
2021-03-10 18:54:34.212  INFO [  restartedMain]  o.s.b.w.embedded.tomcat.TomcatWebServer [     start,220] : Tomcat started on port(s): 8090 (http) with context path ''
2021-03-10 18:54:34.214  INFO [  restartedMain] d.s.w.p.DocumentationPluginsBootstrapper [     start,160] : Context refreshed
2021-03-10 18:54:34.259  INFO [  restartedMain] d.s.w.p.DocumentationPluginsBootstrapper [     start,163] : Found 1 custom documentation plugin(s)
2021-03-10 18:54:34.298  INFO [  restartedMain]     s.d.s.w.s.ApiListingReferenceScanner [      scan,41] : Scanning for api listing references
2021-03-10 18:54:34.446  INFO [  restartedMain]           org.app.speed.SpeedApplication [logStarted,61] : Started SpeedApplication in 6.095 seconds (JVM running for 6.625)
2021-03-10 18:55:17.813  INFO [SpringContextShutdownHook]  o.s.s.concurrent.ThreadPoolTaskExecutor [  shutdown,218] : Shutting down ExecutorService 'applicationTaskExecutor'
2021-03-10 18:55:25.804  INFO [  restartedMain]           org.app.speed.SpeedApplication [logStarting,55] : Starting SpeedApplication using Java 1.8.0_271 on chaodeMacBook-Pro.local with PID 5843 (/Users/chao/workspace/IdeaProjects/speed/target/classes started by chao in /Users/chao/workspace/IdeaProjects/speed)
2021-03-10 18:55:25.806  INFO [  restartedMain]           org.app.speed.SpeedApplication [logStartupProfileInfo,664] : The following profiles are active: dev
2021-03-10 18:55:25.882  INFO [  restartedMain] .e.DevToolsPropertyDefaultsPostProcessor [     logTo,255] : Devtools property defaults active! Set 'spring.devtools.add-properties' to 'false' to disable
2021-03-10 18:55:25.892  INFO [  restartedMain] .e.DevToolsPropertyDefaultsPostProcessor [     logTo,255] : For additional web related logging consider setting the 'logging.level.web' property to 'DEBUG'
2021-03-10 18:55:27.016  INFO [  restartedMain] .s.d.r.c.RepositoryConfigurationDelegate [multipleStoresDetected,250] : Multiple Spring Data modules found, entering strict repository configuration mode!
2021-03-10 18:55:27.021  INFO [  restartedMain] .s.d.r.c.RepositoryConfigurationDelegate [registerRepositoriesIn,128] : Bootstrapping Spring Data Redis repositories in DEFAULT mode.
2021-03-10 18:55:27.073  INFO [  restartedMain] .s.d.r.c.RepositoryConfigurationDelegate [registerRepositoriesIn,188] : Finished Spring Data repository scanning in 24 ms. Found 0 Redis repository interfaces.
2021-03-10 18:55:28.198  INFO [  restartedMain]  o.s.b.w.embedded.tomcat.TomcatWebServer [initialize,108] : Tomcat initialized with port(s): 8090 (http)
2021-03-10 18:55:28.211  INFO [  restartedMain] o.apache.coyote.http11.Http11NioProtocol [       log,173] : Initializing ProtocolHandler ["http-nio-8090"]
2021-03-10 18:55:28.212  INFO [  restartedMain] org.apache.catalina.core.StandardService [       log,173] : Starting service [Tomcat]
2021-03-10 18:55:28.212  INFO [  restartedMain]  org.apache.catalina.core.StandardEngine [       log,173] : Starting Servlet engine: [Apache Tomcat/9.0.43]
2021-03-10 18:55:28.276  INFO [  restartedMain]       o.a.c.c.C.[Tomcat].[localhost].[/] [       log,173] : Initializing Spring embedded WebApplicationContext
2021-03-10 18:55:28.276  INFO [  restartedMain] w.s.c.ServletWebServerApplicationContext [prepareWebApplicationContext,289] : Root WebApplicationContext: initialization completed in 2383 ms
2021-03-10 18:55:29.865  INFO [  restartedMain] pertySourcedRequestMappingHandlerMapping [initHandlerMethods,69] : Mapped URL path [/v2/api-docs] onto method [springfox.documentation.swagger2.web.Swagger2Controller#getDocumentation(String, HttpServletRequest)]
2021-03-10 18:55:30.095  INFO [  restartedMain]  o.s.s.concurrent.ThreadPoolTaskExecutor [initialize,181] : Initializing ExecutorService 'applicationTaskExecutor'
2021-03-10 18:55:30.145  INFO [  restartedMain]       o.s.b.d.a.OptionalLiveReloadServer [startServer,58] : LiveReload server is running on port 35729
2021-03-10 18:55:30.702  INFO [  restartedMain] o.apache.coyote.http11.Http11NioProtocol [       log,173] : Starting ProtocolHandler ["http-nio-8090"]
2021-03-10 18:55:30.738  INFO [  restartedMain]  o.s.b.w.embedded.tomcat.TomcatWebServer [     start,220] : Tomcat started on port(s): 8090 (http) with context path ''
2021-03-10 18:55:30.739  INFO [  restartedMain] d.s.w.p.DocumentationPluginsBootstrapper [     start,160] : Context refreshed
2021-03-10 18:55:30.760  INFO [  restartedMain] d.s.w.p.DocumentationPluginsBootstrapper [     start,163] : Found 1 custom documentation plugin(s)
2021-03-10 18:55:30.789  INFO [  restartedMain]     s.d.s.w.s.ApiListingReferenceScanner [      scan,41] : Scanning for api listing references
2021-03-10 18:55:30.964  INFO [  restartedMain]           org.app.speed.SpeedApplication [logStarted,61] : Started SpeedApplication in 5.747 seconds (JVM running for 6.283)
2021-03-10 18:55:49.473  INFO [http-nio-8090-exec-1]       o.a.c.c.C.[Tomcat].[localhost].[/] [       log,173] : Initializing Spring DispatcherServlet 'dispatcherServlet'
2021-03-10 18:55:49.473  INFO [http-nio-8090-exec-1]        o.s.web.servlet.DispatcherServlet [initServletBean,525] : Initializing Servlet 'dispatcherServlet'
2021-03-10 18:55:49.475  INFO [http-nio-8090-exec-1]        o.s.web.servlet.DispatcherServlet [initServletBean,547] : Completed initialization in 2 ms
2021-03-10 19:11:13.365  INFO [SpringContextShutdownHook]  o.s.s.concurrent.ThreadPoolTaskExecutor [  shutdown,218] : Shutting down ExecutorService 'applicationTaskExecutor'
2021-03-10 19:11:17.086  INFO [  restartedMain]           org.app.speed.SpeedApplication [logStarting,55] : Starting SpeedApplication using Java 1.8.0_271 on chaodeMacBook-Pro.local with PID 5897 (/Users/chao/workspace/IdeaProjects/speed/target/classes started by chao in /Users/chao/workspace/IdeaProjects/speed)
2021-03-10 19:11:17.086  INFO [  restartedMain]           org.app.speed.SpeedApplication [logStartupProfileInfo,664] : The following profiles are active: dev
2021-03-10 19:11:17.146  INFO [  restartedMain] .e.DevToolsPropertyDefaultsPostProcessor [     logTo,255] : Devtools property defaults active! Set 'spring.devtools.add-properties' to 'false' to disable
2021-03-10 19:11:17.146  INFO [  restartedMain] .e.DevToolsPropertyDefaultsPostProcessor [     logTo,255] : For additional web related logging consider setting the 'logging.level.web' property to 'DEBUG'
2021-03-10 19:11:18.072  INFO [  restartedMain] .s.d.r.c.RepositoryConfigurationDelegate [multipleStoresDetected,250] : Multiple Spring Data modules found, entering strict repository configuration mode!
2021-03-10 19:11:18.075  INFO [  restartedMain] .s.d.r.c.RepositoryConfigurationDelegate [registerRepositoriesIn,128] : Bootstrapping Spring Data Redis repositories in DEFAULT mode.
2021-03-10 19:11:18.106  INFO [  restartedMain] .s.d.r.c.RepositoryConfigurationDelegate [registerRepositoriesIn,188] : Finished Spring Data repository scanning in 10 ms. Found 0 Redis repository interfaces.
2021-03-10 19:11:19.314  INFO [  restartedMain]  o.s.b.w.embedded.tomcat.TomcatWebServer [initialize,108] : Tomcat initialized with port(s): 8090 (http)
2021-03-10 19:11:19.324  INFO [  restartedMain] o.apache.coyote.http11.Http11NioProtocol [       log,173] : Initializing ProtocolHandler ["http-nio-8090"]
2021-03-10 19:11:19.325  INFO [  restartedMain] org.apache.catalina.core.StandardService [       log,173] : Starting service [Tomcat]
2021-03-10 19:11:19.325  INFO [  restartedMain]  org.apache.catalina.core.StandardEngine [       log,173] : Starting Servlet engine: [Apache Tomcat/9.0.43]
2021-03-10 19:11:19.391  INFO [  restartedMain]       o.a.c.c.C.[Tomcat].[localhost].[/] [       log,173] : Initializing Spring embedded WebApplicationContext
2021-03-10 19:11:19.392  INFO [  restartedMain] w.s.c.ServletWebServerApplicationContext [prepareWebApplicationContext,289] : Root WebApplicationContext: initialization completed in 2245 ms
2021-03-10 19:11:21.154  INFO [  restartedMain] pertySourcedRequestMappingHandlerMapping [initHandlerMethods,69] : Mapped URL path [/v2/api-docs] onto method [springfox.documentation.swagger2.web.Swagger2Controller#getDocumentation(String, HttpServletRequest)]
2021-03-10 19:11:21.387  INFO [  restartedMain]  o.s.s.concurrent.ThreadPoolTaskExecutor [initialize,181] : Initializing ExecutorService 'applicationTaskExecutor'
2021-03-10 19:11:21.437  INFO [  restartedMain]       o.s.b.d.a.OptionalLiveReloadServer [startServer,58] : LiveReload server is running on port 35729
2021-03-10 19:11:22.088  INFO [  restartedMain] o.apache.coyote.http11.Http11NioProtocol [       log,173] : Starting ProtocolHandler ["http-nio-8090"]
2021-03-10 19:11:22.136  INFO [  restartedMain]  o.s.b.w.embedded.tomcat.TomcatWebServer [     start,220] : Tomcat started on port(s): 8090 (http) with context path ''
2021-03-10 19:11:22.138  INFO [  restartedMain] d.s.w.p.DocumentationPluginsBootstrapper [     start,160] : Context refreshed
2021-03-10 19:11:22.162  INFO [  restartedMain] d.s.w.p.DocumentationPluginsBootstrapper [     start,163] : Found 1 custom documentation plugin(s)
2021-03-10 19:11:22.195  INFO [  restartedMain]     s.d.s.w.s.ApiListingReferenceScanner [      scan,41] : Scanning for api listing references
2021-03-10 19:11:22.395  INFO [  restartedMain]           org.app.speed.SpeedApplication [logStarted,61] : Started SpeedApplication in 6.058 seconds (JVM running for 6.552)
2021-03-10 19:13:01.309  INFO [SpringContextShutdownHook]  o.s.s.concurrent.ThreadPoolTaskExecutor [  shutdown,218] : Shutting down ExecutorService 'applicationTaskExecutor'
2021-03-10 19:13:38.448  INFO [  restartedMain]           org.app.speed.SpeedApplication [logStarting,55] : Starting SpeedApplication using Java 1.8.0_271 on chaodeMacBook-Pro.local with PID 5953 (/Users/chao/workspace/IdeaProjects/speed/target/classes started by chao in /Users/chao/workspace/IdeaProjects/speed)
2021-03-10 19:13:38.449  INFO [  restartedMain]           org.app.speed.SpeedApplication [logStartupProfileInfo,664] : The following profiles are active: dev
2021-03-10 19:13:38.510  INFO [  restartedMain] .e.DevToolsPropertyDefaultsPostProcessor [     logTo,255] : Devtools property defaults active! Set 'spring.devtools.add-properties' to 'false' to disable
2021-03-10 19:13:38.511  INFO [  restartedMain] .e.DevToolsPropertyDefaultsPostProcessor [     logTo,255] : For additional web related logging consider setting the 'logging.level.web' property to 'DEBUG'
2021-03-10 19:13:39.404  INFO [  restartedMain] .s.d.r.c.RepositoryConfigurationDelegate [multipleStoresDetected,250] : Multiple Spring Data modules found, entering strict repository configuration mode!
2021-03-10 19:13:39.408  INFO [  restartedMain] .s.d.r.c.RepositoryConfigurationDelegate [registerRepositoriesIn,128] : Bootstrapping Spring Data Redis repositories in DEFAULT mode.
2021-03-10 19:13:39.456  INFO [  restartedMain] .s.d.r.c.RepositoryConfigurationDelegate [registerRepositoriesIn,188] : Finished Spring Data repository scanning in 12 ms. Found 0 Redis repository interfaces.
2021-03-10 19:13:40.669  INFO [  restartedMain]  o.s.b.w.embedded.tomcat.TomcatWebServer [initialize,108] : Tomcat initialized with port(s): 8090 (http)
2021-03-10 19:13:40.680  INFO [  restartedMain] o.apache.coyote.http11.Http11NioProtocol [       log,173] : Initializing ProtocolHandler ["http-nio-8090"]
2021-03-10 19:13:40.681  INFO [  restartedMain] org.apache.catalina.core.StandardService [       log,173] : Starting service [Tomcat]
2021-03-10 19:13:40.681  INFO [  restartedMain]  org.apache.catalina.core.StandardEngine [       log,173] : Starting Servlet engine: [Apache Tomcat/9.0.43]
2021-03-10 19:13:40.741  INFO [  restartedMain]       o.a.c.c.C.[Tomcat].[localhost].[/] [       log,173] : Initializing Spring embedded WebApplicationContext
2021-03-10 19:13:40.742  INFO [  restartedMain] w.s.c.ServletWebServerApplicationContext [prepareWebApplicationContext,289] : Root WebApplicationContext: initialization completed in 2230 ms
2021-03-10 19:13:42.472  INFO [  restartedMain] pertySourcedRequestMappingHandlerMapping [initHandlerMethods,69] : Mapped URL path [/v2/api-docs] onto method [springfox.documentation.swagger2.web.Swagger2Controller#getDocumentation(String, HttpServletRequest)]
2021-03-10 19:13:42.733  INFO [  restartedMain]  o.s.s.concurrent.ThreadPoolTaskExecutor [initialize,181] : Initializing ExecutorService 'applicationTaskExecutor'
2021-03-10 19:13:42.798  INFO [  restartedMain]       o.s.b.d.a.OptionalLiveReloadServer [startServer,58] : LiveReload server is running on port 35729
2021-03-10 19:13:43.402  INFO [  restartedMain] o.apache.coyote.http11.Http11NioProtocol [       log,173] : Starting ProtocolHandler ["http-nio-8090"]
2021-03-10 19:13:43.452  INFO [  restartedMain]  o.s.b.w.embedded.tomcat.TomcatWebServer [     start,220] : Tomcat started on port(s): 8090 (http) with context path ''
2021-03-10 19:13:43.455  INFO [  restartedMain] d.s.w.p.DocumentationPluginsBootstrapper [     start,160] : Context refreshed
2021-03-10 19:13:43.482  INFO [  restartedMain] d.s.w.p.DocumentationPluginsBootstrapper [     start,163] : Found 1 custom documentation plugin(s)
2021-03-10 19:13:43.516  INFO [  restartedMain]     s.d.s.w.s.ApiListingReferenceScanner [      scan,41] : Scanning for api listing references
2021-03-10 19:13:43.709  INFO [  restartedMain]           org.app.speed.SpeedApplication [logStarted,61] : Started SpeedApplication in 6.115 seconds (JVM running for 6.747)
2021-03-10 19:15:25.304  INFO [SpringContextShutdownHook]  o.s.s.concurrent.ThreadPoolTaskExecutor [  shutdown,218] : Shutting down ExecutorService 'applicationTaskExecutor'
2021-03-10 21:16:12.467  INFO [           main]     org.app.speed.service.LogServiceTest [logStarting,55] : Starting LogServiceTest using Java 1.8.0_271 on chaodeMacBook-Pro.local with PID 6938 (started by chao in /Users/chao/workspace/IdeaProjects/speed)
2021-03-10 21:16:12.469  INFO [           main]     org.app.speed.service.LogServiceTest [logStartupProfileInfo,664] : The following profiles are active: dev
2021-03-10 21:16:31.821  INFO [           main]     org.app.speed.service.LogServiceTest [logStarting,55] : Starting LogServiceTest using Java 1.8.0_271 on chaodeMacBook-Pro.local with PID 6945 (started by chao in /Users/chao/workspace/IdeaProjects/speed)
2021-03-10 21:16:31.822  INFO [           main]     org.app.speed.service.LogServiceTest [logStartupProfileInfo,664] : The following profiles are active: dev
2021-03-10 21:16:32.880  INFO [           main] .s.d.r.c.RepositoryConfigurationDelegate [multipleStoresDetected,250] : Multiple Spring Data modules found, entering strict repository configuration mode!
2021-03-10 21:16:32.884  INFO [           main] .s.d.r.c.RepositoryConfigurationDelegate [registerRepositoriesIn,128] : Bootstrapping Spring Data Redis repositories in DEFAULT mode.
2021-03-10 21:16:32.917  INFO [           main] .s.d.r.c.RepositoryConfigurationDelegate [registerRepositoriesIn,188] : Finished Spring Data repository scanning in 9 ms. Found 0 Redis repository interfaces.
2021-03-10 21:16:35.782  INFO [           main] pertySourcedRequestMappingHandlerMapping [initHandlerMethods,69] : Mapped URL path [/v2/api-docs] onto method [springfox.documentation.swagger2.web.Swagger2Controller#getDocumentation(String, HttpServletRequest)]
2021-03-10 21:16:36.259  INFO [           main]  o.s.s.concurrent.ThreadPoolTaskExecutor [initialize,181] : Initializing ExecutorService 'applicationTaskExecutor'
2021-03-10 21:16:36.999  INFO [           main] d.s.w.p.DocumentationPluginsBootstrapper [     start,160] : Context refreshed
2021-03-10 21:16:37.033  INFO [           main] d.s.w.p.DocumentationPluginsBootstrapper [     start,163] : Found 1 custom documentation plugin(s)
2021-03-10 21:16:37.062  INFO [           main]     s.d.s.w.s.ApiListingReferenceScanner [      scan,41] : Scanning for api listing references
2021-03-10 21:16:37.241  INFO [           main]     org.app.speed.service.LogServiceTest [logStarted,61] : Started LogServiceTest in 5.905 seconds (JVM running for 6.775)
2021-03-10 21:16:37.565  INFO [SpringContextShutdownHook]  o.s.s.concurrent.ThreadPoolTaskExecutor [  shutdown,218] : Shutting down ExecutorService 'applicationTaskExecutor'
